<?xml version="1.0" encoding="UTF-8"?>
<testng-results ignored="0" total="3" passed="3" failed="0" skipped="0">
  <reporter-output>
  </reporter-output>
  <suite started-at="2024-12-15T00:04:10 IST" name="Default suite" finished-at="2024-12-15T00:04:25 IST" duration-ms="15598">
    <groups>
      <group name="cucumber">
        <method signature="AbstractTestNGCucumberTests.runScenario(io.cucumber.testng.PickleWrapper,io.cucumber.testng.FeatureWrapper)[pri:0, instance:CucumberTestRunner.CucumberTestNGRunnerTest@5f8edcc5]" name="runScenario" class="io.cucumber.testng.AbstractTestNGCucumberTests"/>
      </group> <!-- cucumber -->
    </groups>
    <test started-at="2024-12-15T00:04:10 IST" name="Default test" finished-at="2024-12-15T00:04:25 IST" duration-ms="15598">
      <class name="CucumberTestRunner.CucumberTestNGRunnerTest">
        <test-method is-config="true" signature="setUpClass(org.testng.ITestContext)[pri:0, instance:CucumberTestRunner.CucumberTestNGRunnerTest@5f8edcc5]" started-at="2024-12-15T00:04:10 IST" name="setUpClass" finished-at="2024-12-15T00:04:10 IST" duration-ms="148" status="PASS">
          <params>
            <param index="0">
              <value>
                <![CDATA[org.testng.TestRunner@54e7df6a]]>
              </value>
            </param>
          </params>
          <reporter-output>
          </reporter-output>
        </test-method> <!-- setUpClass -->
        <test-method signature="runScenario(io.cucumber.testng.PickleWrapper,io.cucumber.testng.FeatureWrapper)[pri:0, instance:CucumberTestRunner.CucumberTestNGRunnerTest@5f8edcc5]" started-at="2024-12-15T00:04:10 IST" name="runScenario" description="Runs Cucumber Scenarios" data-provider="scenarios" finished-at="2024-12-15T00:04:19 IST" duration-ms="9067" status="PASS">
          <params>
            <param index="0">
              <value>
                <![CDATA["Search phone in Search box of Landing Page."]]>
              </value>
            </param>
            <param index="1">
              <value>
                <![CDATA["Search and Select Phone and add to Cart from FlipKart Application."]]>
              </value>
            </param>
          </params>
          <reporter-output>
          </reporter-output>
        </test-method> <!-- runScenario -->
        <test-method signature="runScenario(io.cucumber.testng.PickleWrapper,io.cucumber.testng.FeatureWrapper)[pri:0, instance:CucumberTestRunner.CucumberTestNGRunnerTest@5f8edcc5]" started-at="2024-12-15T00:04:10 IST" name="runScenario" description="Runs Cucumber Scenarios" data-provider="scenarios" finished-at="2024-12-15T00:04:25 IST" duration-ms="15407" status="PASS">
          <params>
            <param index="0">
              <value>
                <![CDATA["Customization page prodcut is ame as Cart page Product."]]>
              </value>
            </param>
            <param index="1">
              <value>
                <![CDATA["Validate Added Product in Cart is same at customization page."]]>
              </value>
            </param>
          </params>
          <reporter-output>
          </reporter-output>
        </test-method> <!-- runScenario -->
        <test-method signature="runScenario(io.cucumber.testng.PickleWrapper,io.cucumber.testng.FeatureWrapper)[pri:0, instance:CucumberTestRunner.CucumberTestNGRunnerTest@5f8edcc5]" started-at="2024-12-15T00:04:10 IST" name="runScenario" description="Runs Cucumber Scenarios" data-provider="scenarios" finished-at="2024-12-15T00:04:24 IST" duration-ms="13783" status="PASS">
          <params>
            <param index="0">
              <value>
                <![CDATA["Select given Phone and Add to cart"]]>
              </value>
            </param>
            <param index="1">
              <value>
                <![CDATA["Search and Select Phone and add to Cart from FlipKart Application."]]>
              </value>
            </param>
          </params>
          <reporter-output>
          </reporter-output>
        </test-method> <!-- runScenario -->
        <test-method is-config="true" signature="tearDownClass()[pri:0, instance:CucumberTestRunner.CucumberTestNGRunnerTest@5f8edcc5]" started-at="2024-12-15T00:04:25 IST" name="tearDownClass" finished-at="2024-12-15T00:04:25 IST" duration-ms="6" status="PASS">
          <reporter-output>
          </reporter-output>
        </test-method> <!-- tearDownClass -->
      </class> <!-- CucumberTestRunner.CucumberTestNGRunnerTest -->
    </test> <!-- Default test -->
  </suite> <!-- Default suite -->
</testng-results>
